#At time x process y state arr w total z remian y wait k 
At time 7 process 1 started arr 7 total 12 remain 12 wait 0 
At time 12 process 1 stopped arr 7 total 12 remain 7 wait 0 
At time 12 process 2 started arr 12 total 13 remain 13 wait 0 
At time 17 process 2 stopped arr 12 total 13 remain 8 wait 0 
At time 17 process 1 resumed arr 7 total 12 remain 7 wait 10 
At time 22 process 1 stopped arr 7 total 12 remain 2 wait 10 
At time 22 process 3 started arr 16 total 4 remain 4 wait 6 
At time 26 process 3 finished arr 16 total 4 remain 0 wait 6 TA 10  WTA 2.50
At time 26 process 2 started arr 12 total 13 remain 8 wait 14 
At time 31 process 2 stopped arr 12 total 13 remain 3 wait 14 
At time 31 process 1 resumed arr 7 total 12 remain 2 wait 14 
At time 33 process 1 finished arr 7 total 12 remain 0 wait 14 TA 26  WTA 2.17
At time 33 process 4 started arr 23 total 11 remain 11 wait 10 
At time 38 process 4 stopped arr 23 total 11 remain 6 wait 10 
At time 38 process 5 started arr 26 total 14 remain 14 wait 12 
At time 43 process 5 stopped arr 26 total 14 remain 9 wait 12 
At time 43 process 2 resumed arr 12 total 13 remain 3 wait 17 
At time 46 process 2 finished arr 12 total 13 remain 0 wait 17 TA 34  WTA 2.62
At time 46 process 4 started arr 23 total 11 remain 6 wait 23 
At time 51 process 4 stopped arr 23 total 11 remain 1 wait 23 
At time 51 process 5 resumed arr 26 total 14 remain 9 wait 13 
At time 56 process 5 stopped arr 26 total 14 remain 4 wait 13 
At time 56 process 4 resumed arr 23 total 11 remain 1 wait 10 
At time 57 process 4 finished arr 23 total 11 remain 0 wait 10 TA 34  WTA 3.09
At time 57 process 5 started arr 26 total 14 remain 4 wait 31 
At time 61 process 5 finished arr 26 total 14 remain 0 wait 31 TA 35  WTA 2.50
